<?xml version="1.0" encoding="UTF-8"?>
<testsuite name="edu.dani.JUnit.CondicionaisTeste" tests="1" skipped="1" failures="0" errors="0" timestamp="2022-12-04T23:31:40" hostname="DESKTOP-ORQ6LHV" time="0.002">
  <properties/>
  <testcase name="validarAlgoSomenteNoUsuarioACER()" classname="edu.dani.JUnit.CondicionaisTeste" time="0.002">
    <skipped/>
  </testcase>
  <system-out><![CDATA[]]></system-out>
  <system-err><![CDATA[]]></system-err>
</testsuite>
